2024-05-16 09:25:03,679 [Worker-8: Loading available Gradle versions] INFO  o.e.b.c.i.u.g.PublishedGradleVersions - Gradle version information cache is up-to-date. Trying to read.
2024-05-16 09:27:04,700 [main] INFO  org.eclipse.jetty.server.Server - jetty-12.0.6; built: 2024-01-30T02:43:24.387Z; git: 78ab6e6ba163f89cdd97f2ae0283fbb5e371cfaf; jvm 17.0.10+11-LTS-240
2024-05-16 09:27:04,876 [main] INFO  o.e.j.server.handler.ContextHandler - Started oeje8n.ContextHandler$CoreContextHandler@4fe7962{/wse,/wse,b=null,a=AVAILABLE,h=oeje8n.ContextHandler$CoreContextHandler$CoreToNestedHandler@16d7227d{STARTED}}
2024-05-16 09:27:04,879 [main] INFO  o.e.j.s.DefaultSessionIdManager - Session workerName=node0
2024-05-16 09:27:04,959 [main] INFO  o.e.jetty.server.AbstractConnector - Started ServerConnector@2234790{HTTP/1.1, (http/1.1)}{0.0.0.0:52789}
2024-05-16 09:27:04,976 [main] INFO  org.eclipse.jetty.server.Server - Started oejs.Server@129e23fc{STARTING}[12.0.6,sto=0] @180526ms
2024-05-16 09:27:06,336 [qtp1383343992-153] INFO  o.e.j.e.nested.ContextHandler._wse - Warning: No org.apache.tomcat.JarScanner set in ServletContext. Falling back to default JarScanner implementation.
2024-05-16 12:25:06,396 [Framework stop - Equinox Container: b64e57bc-b771-4265-8fd9-89641d2f0473] INFO  org.eclipse.jetty.server.Server - Stopped oejs.Server@129e23fc{STOPPING}[12.0.6,sto=0]
2024-05-16 12:25:06,406 [Framework stop - Equinox Container: b64e57bc-b771-4265-8fd9-89641d2f0473] INFO  o.e.jetty.server.AbstractConnector - Stopped ServerConnector@2234790{HTTP/1.1, (http/1.1)}{0.0.0.0:0}
2024-05-16 12:25:59,974 [Worker-1: Loading available Gradle versions] INFO  o.e.b.c.i.u.g.PublishedGradleVersions - Gradle version information cache is out-of-date. Trying to update.
2024-05-16 12:29:58,985 [Worker-4: Loading available Gradle versions] INFO  o.e.b.c.i.u.g.PublishedGradleVersions - Gradle version information cache is up-to-date. Trying to read.
2024-05-16 12:31:39,575 [Worker-7: Loading available Gradle versions] INFO  o.e.b.c.i.u.g.PublishedGradleVersions - Gradle version information cache is up-to-date. Trying to read.
2024-05-16 12:32:45,154 [Worker-0: Loading available Gradle versions] INFO  o.e.b.c.i.u.g.PublishedGradleVersions - Gradle version information cache is up-to-date. Trying to read.
2024-05-16 16:05:54,832 [Worker-4: Loading available Gradle versions] INFO  o.e.b.c.i.u.g.PublishedGradleVersions - Gradle version information cache is up-to-date. Trying to read.
2024-05-16 18:49:05,441 [Worker-2: Loading available Gradle versions] INFO  o.e.b.c.i.u.g.PublishedGradleVersions - Gradle version information cache is up-to-date. Trying to read.
2024-05-17 08:11:07,993 [Worker-10: Loading available Gradle versions] INFO  o.e.b.c.i.u.g.PublishedGradleVersions - Gradle version information cache is up-to-date. Trying to read.
2024-05-20 12:55:42,719 [Worker-4: Loading available Gradle versions] INFO  o.e.b.c.i.u.g.PublishedGradleVersions - Gradle version information cache is out-of-date. Trying to update.
2024-05-20 12:56:12,102 [Worker-30: Update Maven projects configuration] INFO  o.e.m.c.i.p.ProjectConfigurationManager - Update started
2024-05-20 12:56:14,696 [Worker-30: Update Maven projects configuration] INFO  o.e.m.c.i.l.LifecycleMappingFactory - Using org.eclipse.m2e.jdt.JarLifecycleMapping lifecycle mapping for MavenProject: com.demo:SpringJDBCExample:1.0-SNAPSHOT @ E:\Cogent Training\Week_1\SpringJDBCExample\pom.xml.
2024-05-20 12:56:16,917 [Worker-20: Building] INFO  o.a.m.s.f.DefaultMavenResourcesFiltering - Copying 1 resource from src\main\resources to target\classes
2024-05-20 12:56:16,937 [Worker-20: Building] INFO  o.a.m.s.f.DefaultMavenResourcesFiltering - skip non existing resourceDirectory E:\Cogent Training\Week_1\SpringJDBCExample\src\test\resources
2024-05-20 12:56:18,501 [Worker-30: Update Maven projects configuration] INFO  o.e.m.j.i.AbstractJavaProjectConfigurator - Adding source folder /SpringJDBCExample/src/main/java
2024-05-20 12:56:18,509 [Worker-30: Update Maven projects configuration] INFO  o.e.m.j.i.AbstractJavaProjectConfigurator - Adding resource folder /SpringJDBCExample/src/main/resources
2024-05-20 12:56:18,575 [Worker-30: Update Maven projects configuration] INFO  o.e.m.j.i.AbstractJavaProjectConfigurator - Adding source folder /SpringJDBCExample/src/test/java
2024-05-20 12:56:18,579 [Worker-30: Update Maven projects configuration] INFO  o.e.m.j.i.AbstractJavaProjectConfigurator - Adding resource folder /SpringJDBCExample/src/test/resources
2024-05-20 12:56:18,612 [Worker-9: Download sources and javadoc] INFO  o.e.m.c.i.e.AbstractTransferListenerAdapter - Downloading https://repo.maven.apache.org/maven2/mysql/mysql-connector-java/8.0.13/mysql-connector-java-8.0.13-sources.jar
2024-05-20 12:56:19,027 [Worker-9: Download sources and javadoc] INFO  o.e.m.c.i.e.AbstractTransferListenerAdapter - Downloaded https://repo.maven.apache.org/maven2/mysql/mysql-connector-java/8.0.13/mysql-connector-java-8.0.13-sources.jar
2024-05-20 12:56:19,046 [Worker-9: Download sources and javadoc] INFO  o.e.m.j.internal.DownloadSourcesJob - Downloaded sources for mysql:mysql-connector-java:8.0.13
2024-05-20 12:56:19,206 [Worker-9: Download sources and javadoc] INFO  o.e.m.c.i.e.AbstractTransferListenerAdapter - Downloading https://repo.maven.apache.org/maven2/com/google/protobuf/protobuf-java/3.6.1/protobuf-java-3.6.1-sources.jar
2024-05-20 12:56:19,363 [Worker-9: Download sources and javadoc] INFO  o.e.m.c.i.e.AbstractTransferListenerAdapter - Downloaded https://repo.maven.apache.org/maven2/com/google/protobuf/protobuf-java/3.6.1/protobuf-java-3.6.1-sources.jar
2024-05-20 12:56:19,372 [Worker-9: Download sources and javadoc] INFO  o.e.m.j.internal.DownloadSourcesJob - Downloaded sources for com.google.protobuf:protobuf-java:3.6.1
2024-05-20 12:56:19,494 [Worker-9: Download sources and javadoc] INFO  o.e.m.c.i.e.AbstractTransferListenerAdapter - Downloading https://repo.maven.apache.org/maven2/org/springframework/spring-core/5.1.6.RELEASE/spring-core-5.1.6.RELEASE-sources.jar
2024-05-20 12:56:19,660 [Worker-9: Download sources and javadoc] INFO  o.e.m.c.i.e.AbstractTransferListenerAdapter - Downloaded https://repo.maven.apache.org/maven2/org/springframework/spring-core/5.1.6.RELEASE/spring-core-5.1.6.RELEASE-sources.jar
2024-05-20 12:56:19,668 [Worker-9: Download sources and javadoc] INFO  o.e.m.j.internal.DownloadSourcesJob - Downloaded sources for org.springframework:spring-core:5.1.6.RELEASE
2024-05-20 12:56:19,807 [Worker-9: Download sources and javadoc] INFO  o.e.m.c.i.e.AbstractTransferListenerAdapter - Downloading https://repo.maven.apache.org/maven2/org/springframework/spring-jcl/5.1.6.RELEASE/spring-jcl-5.1.6.RELEASE-sources.jar
2024-05-20 12:56:19,820 [Worker-9: Download sources and javadoc] INFO  o.e.m.c.i.e.AbstractTransferListenerAdapter - Downloaded https://repo.maven.apache.org/maven2/org/springframework/spring-jcl/5.1.6.RELEASE/spring-jcl-5.1.6.RELEASE-sources.jar
2024-05-20 12:56:19,827 [Worker-9: Download sources and javadoc] INFO  o.e.m.j.internal.DownloadSourcesJob - Downloaded sources for org.springframework:spring-jcl:5.1.6.RELEASE
2024-05-20 12:56:19,960 [Worker-9: Download sources and javadoc] INFO  o.e.m.c.i.e.AbstractTransferListenerAdapter - Downloading https://repo.maven.apache.org/maven2/org/springframework/spring-context/5.1.6.RELEASE/spring-context-5.1.6.RELEASE-sources.jar
2024-05-20 12:56:20,154 [Worker-9: Download sources and javadoc] INFO  o.e.m.c.i.e.AbstractTransferListenerAdapter - Downloaded https://repo.maven.apache.org/maven2/org/springframework/spring-context/5.1.6.RELEASE/spring-context-5.1.6.RELEASE-sources.jar
2024-05-20 12:56:20,166 [Worker-9: Download sources and javadoc] INFO  o.e.m.j.internal.DownloadSourcesJob - Downloaded sources for org.springframework:spring-context:5.1.6.RELEASE
2024-05-20 12:56:20,315 [Worker-9: Download sources and javadoc] INFO  o.e.m.c.i.e.AbstractTransferListenerAdapter - Downloading https://repo.maven.apache.org/maven2/org/springframework/spring-aop/5.1.6.RELEASE/spring-aop-5.1.6.RELEASE-sources.jar
2024-05-20 12:56:20,434 [Worker-9: Download sources and javadoc] INFO  o.e.m.c.i.e.AbstractTransferListenerAdapter - Downloaded https://repo.maven.apache.org/maven2/org/springframework/spring-aop/5.1.6.RELEASE/spring-aop-5.1.6.RELEASE-sources.jar
2024-05-20 12:56:20,446 [Worker-9: Download sources and javadoc] INFO  o.e.m.j.internal.DownloadSourcesJob - Downloaded sources for org.springframework:spring-aop:5.1.6.RELEASE
2024-05-20 12:56:20,581 [Worker-9: Download sources and javadoc] INFO  o.e.m.c.i.e.AbstractTransferListenerAdapter - Downloading https://repo.maven.apache.org/maven2/org/springframework/spring-beans/5.1.6.RELEASE/spring-beans-5.1.6.RELEASE-sources.jar
2024-05-20 12:56:20,718 [Worker-9: Download sources and javadoc] INFO  o.e.m.c.i.e.AbstractTransferListenerAdapter - Downloaded https://repo.maven.apache.org/maven2/org/springframework/spring-beans/5.1.6.RELEASE/spring-beans-5.1.6.RELEASE-sources.jar
2024-05-20 12:56:20,728 [Worker-9: Download sources and javadoc] INFO  o.e.m.j.internal.DownloadSourcesJob - Downloaded sources for org.springframework:spring-beans:5.1.6.RELEASE
2024-05-20 12:56:20,832 [Worker-9: Download sources and javadoc] INFO  o.e.m.c.i.e.AbstractTransferListenerAdapter - Downloading https://repo.maven.apache.org/maven2/org/springframework/spring-expression/5.1.6.RELEASE/spring-expression-5.1.6.RELEASE-sources.jar
2024-05-20 12:56:20,921 [Worker-9: Download sources and javadoc] INFO  o.e.m.c.i.e.AbstractTransferListenerAdapter - Downloaded https://repo.maven.apache.org/maven2/org/springframework/spring-expression/5.1.6.RELEASE/spring-expression-5.1.6.RELEASE-sources.jar
2024-05-20 12:56:20,936 [Worker-9: Download sources and javadoc] INFO  o.e.m.j.internal.DownloadSourcesJob - Downloaded sources for org.springframework:spring-expression:5.1.6.RELEASE
2024-05-20 12:56:20,979 [Worker-30: Update Maven projects configuration] INFO  o.e.m.c.i.p.ProjectConfigurationManager - Update completed for 1 poms: local refresh takes 0.00 sec, refresh facades takes 4.00 sec, update config takes 4.00 sec 
2024-05-20 12:56:21,080 [Worker-9: Download sources and javadoc] INFO  o.e.m.c.i.e.AbstractTransferListenerAdapter - Downloading https://repo.maven.apache.org/maven2/org/springframework/spring-jdbc/5.1.6.RELEASE/spring-jdbc-5.1.6.RELEASE-sources.jar
2024-05-20 12:56:21,085 [Worker-25: Building] INFO  o.a.m.s.f.DefaultMavenResourcesFiltering - Copying 1 resource from src\main\resources to target\classes
2024-05-20 12:56:21,098 [Worker-25: Building] INFO  o.a.m.s.f.DefaultMavenResourcesFiltering - skip non existing resourceDirectory E:\Cogent Training\Week_1\SpringJDBCExample\src\test\resources
2024-05-20 12:56:21,187 [Worker-9: Download sources and javadoc] INFO  o.e.m.c.i.e.AbstractTransferListenerAdapter - Downloaded https://repo.maven.apache.org/maven2/org/springframework/spring-jdbc/5.1.6.RELEASE/spring-jdbc-5.1.6.RELEASE-sources.jar
2024-05-20 12:56:21,197 [Worker-9: Download sources and javadoc] INFO  o.e.m.j.internal.DownloadSourcesJob - Downloaded sources for org.springframework:spring-jdbc:5.1.6.RELEASE
2024-05-20 12:56:21,330 [Worker-9: Download sources and javadoc] INFO  o.e.m.c.i.e.AbstractTransferListenerAdapter - Downloading https://repo.maven.apache.org/maven2/org/springframework/spring-tx/5.1.6.RELEASE/spring-tx-5.1.6.RELEASE-sources.jar
2024-05-20 12:56:21,418 [Worker-9: Download sources and javadoc] INFO  o.e.m.c.i.e.AbstractTransferListenerAdapter - Downloaded https://repo.maven.apache.org/maven2/org/springframework/spring-tx/5.1.6.RELEASE/spring-tx-5.1.6.RELEASE-sources.jar
2024-05-20 12:56:21,427 [Worker-9: Download sources and javadoc] INFO  o.e.m.j.internal.DownloadSourcesJob - Downloaded sources for org.springframework:spring-tx:5.1.6.RELEASE
2024-05-20 12:56:38,887 [Worker-3: Launching Executing clean in E__Cogent Training_Week_1_SpringJDBCExample] INFO  o.eclipse.m2e.core.internal.Bundles - getClasspathEntries(Bundle=org.eclipse.m2e.maven.runtime_3.9.600.20231203-1234 [635])
2024-05-20 12:56:38,895 [Worker-3: Launching Executing clean in E__Cogent Training_Week_1_SpringJDBCExample] INFO  o.eclipse.m2e.core.internal.Bundles - 	Entry: C:\Users\omkar\.p2\pool\plugins\org.eclipse.m2e.maven.runtime_3.9.600.20231203-1234
2024-05-20 12:56:38,896 [Worker-3: Launching Executing clean in E__Cogent Training_Week_1_SpringJDBCExample] INFO  o.eclipse.m2e.core.internal.Bundles - 	Entry: C:\Users\omkar\.p2\pool\plugins\org.eclipse.m2e.maven.runtime_3.9.600.20231203-1234\jars\aopalliance-1.0.jar
2024-05-20 12:56:38,897 [Worker-3: Launching Executing clean in E__Cogent Training_Week_1_SpringJDBCExample] INFO  o.eclipse.m2e.core.internal.Bundles - 	Entry: C:\Users\omkar\.p2\pool\plugins\org.eclipse.m2e.maven.runtime_3.9.600.20231203-1234\jars\guice-5.1.0.jar
2024-05-20 12:56:38,897 [Worker-3: Launching Executing clean in E__Cogent Training_Week_1_SpringJDBCExample] INFO  o.eclipse.m2e.core.internal.Bundles - 	Entry: C:\Users\omkar\.p2\pool\plugins\org.eclipse.m2e.maven.runtime_3.9.600.20231203-1234\jars\httpclient-4.5.14.jar
2024-05-20 12:56:38,897 [Worker-3: Launching Executing clean in E__Cogent Training_Week_1_SpringJDBCExample] INFO  o.eclipse.m2e.core.internal.Bundles - 	Entry: C:\Users\omkar\.p2\pool\plugins\org.eclipse.m2e.maven.runtime_3.9.600.20231203-1234\jars\httpcore-4.4.16.jar
2024-05-20 12:56:38,898 [Worker-3: Launching Executing clean in E__Cogent Training_Week_1_SpringJDBCExample] INFO  o.eclipse.m2e.core.internal.Bundles - 	Entry: C:\Users\omkar\.p2\pool\plugins\org.eclipse.m2e.maven.runtime_3.9.600.20231203-1234\jars\jansi-2.4.0.jar
2024-05-20 12:56:38,898 [Worker-3: Launching Executing clean in E__Cogent Training_Week_1_SpringJDBCExample] INFO  o.eclipse.m2e.core.internal.Bundles - 	Entry: C:\Users\omkar\.p2\pool\plugins\org.eclipse.m2e.maven.runtime_3.9.600.20231203-1234\jars\jcl-over-slf4j-1.7.36.jar
2024-05-20 12:56:38,898 [Worker-3: Launching Executing clean in E__Cogent Training_Week_1_SpringJDBCExample] INFO  o.eclipse.m2e.core.internal.Bundles - 	Entry: C:\Users\omkar\.p2\pool\plugins\org.eclipse.m2e.maven.runtime_3.9.600.20231203-1234\jars\maven-artifact-3.9.6.jar
2024-05-20 12:56:38,899 [Worker-3: Launching Executing clean in E__Cogent Training_Week_1_SpringJDBCExample] INFO  o.eclipse.m2e.core.internal.Bundles - 	Entry: C:\Users\omkar\.p2\pool\plugins\org.eclipse.m2e.maven.runtime_3.9.600.20231203-1234\jars\maven-builder-support-3.9.6.jar
2024-05-20 12:56:38,899 [Worker-3: Launching Executing clean in E__Cogent Training_Week_1_SpringJDBCExample] INFO  o.eclipse.m2e.core.internal.Bundles - 	Entry: C:\Users\omkar\.p2\pool\plugins\org.eclipse.m2e.maven.runtime_3.9.600.20231203-1234\jars\maven-compat-3.9.6.jar
2024-05-20 12:56:38,899 [Worker-3: Launching Executing clean in E__Cogent Training_Week_1_SpringJDBCExample] INFO  o.eclipse.m2e.core.internal.Bundles - 	Entry: C:\Users\omkar\.p2\pool\plugins\org.eclipse.m2e.maven.runtime_3.9.600.20231203-1234\jars\maven-core-3.9.6.jar
2024-05-20 12:56:38,900 [Worker-3: Launching Executing clean in E__Cogent Training_Week_1_SpringJDBCExample] INFO  o.eclipse.m2e.core.internal.Bundles - 	Entry: C:\Users\omkar\.p2\pool\plugins\org.eclipse.m2e.maven.runtime_3.9.600.20231203-1234\jars\maven-embedder-3.9.6.jar
2024-05-20 12:56:38,900 [Worker-3: Launching Executing clean in E__Cogent Training_Week_1_SpringJDBCExample] INFO  o.eclipse.m2e.core.internal.Bundles - 	Entry: C:\Users\omkar\.p2\pool\plugins\org.eclipse.m2e.maven.runtime_3.9.600.20231203-1234\jars\maven-model-3.9.6.jar
2024-05-20 12:56:38,900 [Worker-3: Launching Executing clean in E__Cogent Training_Week_1_SpringJDBCExample] INFO  o.eclipse.m2e.core.internal.Bundles - 	Entry: C:\Users\omkar\.p2\pool\plugins\org.eclipse.m2e.maven.runtime_3.9.600.20231203-1234\jars\maven-model-builder-3.9.6.jar
2024-05-20 12:56:38,900 [Worker-3: Launching Executing clean in E__Cogent Training_Week_1_SpringJDBCExample] INFO  o.eclipse.m2e.core.internal.Bundles - 	Entry: C:\Users\omkar\.p2\pool\plugins\org.eclipse.m2e.maven.runtime_3.9.600.20231203-1234\jars\maven-plugin-api-3.9.6.jar
2024-05-20 12:56:38,900 [Worker-3: Launching Executing clean in E__Cogent Training_Week_1_SpringJDBCExample] INFO  o.eclipse.m2e.core.internal.Bundles - 	Entry: C:\Users\omkar\.p2\pool\plugins\org.eclipse.m2e.maven.runtime_3.9.600.20231203-1234\jars\maven-repository-metadata-3.9.6.jar
2024-05-20 12:56:38,902 [Worker-3: Launching Executing clean in E__Cogent Training_Week_1_SpringJDBCExample] INFO  o.eclipse.m2e.core.internal.Bundles - 	Entry: C:\Users\omkar\.p2\pool\plugins\org.eclipse.m2e.maven.runtime_3.9.600.20231203-1234\jars\maven-resolver-api-1.9.18.jar
2024-05-20 12:56:38,902 [Worker-3: Launching Executing clean in E__Cogent Training_Week_1_SpringJDBCExample] INFO  o.eclipse.m2e.core.internal.Bundles - 	Entry: C:\Users\omkar\.p2\pool\plugins\org.eclipse.m2e.maven.runtime_3.9.600.20231203-1234\jars\maven-resolver-connector-basic-1.9.18.jar
2024-05-20 12:56:38,902 [Worker-3: Launching Executing clean in E__Cogent Training_Week_1_SpringJDBCExample] INFO  o.eclipse.m2e.core.internal.Bundles - 	Entry: C:\Users\omkar\.p2\pool\plugins\org.eclipse.m2e.maven.runtime_3.9.600.20231203-1234\jars\maven-resolver-impl-1.9.18.jar
2024-05-20 12:56:38,903 [Worker-3: Launching Executing clean in E__Cogent Training_Week_1_SpringJDBCExample] INFO  o.eclipse.m2e.core.internal.Bundles - 	Entry: C:\Users\omkar\.p2\pool\plugins\org.eclipse.m2e.maven.runtime_3.9.600.20231203-1234\jars\maven-resolver-named-locks-1.9.18.jar
2024-05-20 12:56:38,903 [Worker-3: Launching Executing clean in E__Cogent Training_Week_1_SpringJDBCExample] INFO  o.eclipse.m2e.core.internal.Bundles - 	Entry: C:\Users\omkar\.p2\pool\plugins\org.eclipse.m2e.maven.runtime_3.9.600.20231203-1234\jars\maven-resolver-provider-3.9.6.jar
2024-05-20 12:56:38,903 [Worker-3: Launching Executing clean in E__Cogent Training_Week_1_SpringJDBCExample] INFO  o.eclipse.m2e.core.internal.Bundles - 	Entry: C:\Users\omkar\.p2\pool\plugins\org.eclipse.m2e.maven.runtime_3.9.600.20231203-1234\jars\maven-resolver-spi-1.9.18.jar
2024-05-20 12:56:38,903 [Worker-3: Launching Executing clean in E__Cogent Training_Week_1_SpringJDBCExample] INFO  o.eclipse.m2e.core.internal.Bundles - 	Entry: C:\Users\omkar\.p2\pool\plugins\org.eclipse.m2e.maven.runtime_3.9.600.20231203-1234\jars\maven-resolver-transport-file-1.9.18.jar
2024-05-20 12:56:38,904 [Worker-3: Launching Executing clean in E__Cogent Training_Week_1_SpringJDBCExample] INFO  o.eclipse.m2e.core.internal.Bundles - 	Entry: C:\Users\omkar\.p2\pool\plugins\org.eclipse.m2e.maven.runtime_3.9.600.20231203-1234\jars\maven-resolver-transport-http-1.9.18.jar
2024-05-20 12:56:38,904 [Worker-3: Launching Executing clean in E__Cogent Training_Week_1_SpringJDBCExample] INFO  o.eclipse.m2e.core.internal.Bundles - 	Entry: C:\Users\omkar\.p2\pool\plugins\org.eclipse.m2e.maven.runtime_3.9.600.20231203-1234\jars\maven-resolver-transport-wagon-1.9.18.jar
2024-05-20 12:56:38,904 [Worker-3: Launching Executing clean in E__Cogent Training_Week_1_SpringJDBCExample] INFO  o.eclipse.m2e.core.internal.Bundles - 	Entry: C:\Users\omkar\.p2\pool\plugins\org.eclipse.m2e.maven.runtime_3.9.600.20231203-1234\jars\maven-resolver-util-1.9.18.jar
2024-05-20 12:56:38,904 [Worker-3: Launching Executing clean in E__Cogent Training_Week_1_SpringJDBCExample] INFO  o.eclipse.m2e.core.internal.Bundles - 	Entry: C:\Users\omkar\.p2\pool\plugins\org.eclipse.m2e.maven.runtime_3.9.600.20231203-1234\jars\maven-settings-3.9.6.jar
2024-05-20 12:56:38,905 [Worker-3: Launching Executing clean in E__Cogent Training_Week_1_SpringJDBCExample] INFO  o.eclipse.m2e.core.internal.Bundles - 	Entry: C:\Users\omkar\.p2\pool\plugins\org.eclipse.m2e.maven.runtime_3.9.600.20231203-1234\jars\maven-settings-builder-3.9.6.jar
2024-05-20 12:56:38,905 [Worker-3: Launching Executing clean in E__Cogent Training_Week_1_SpringJDBCExample] INFO  o.eclipse.m2e.core.internal.Bundles - 	Entry: C:\Users\omkar\.p2\pool\plugins\org.eclipse.m2e.maven.runtime_3.9.600.20231203-1234\jars\maven-shared-utils-3.3.4.jar
2024-05-20 12:56:38,905 [Worker-3: Launching Executing clean in E__Cogent Training_Week_1_SpringJDBCExample] INFO  o.eclipse.m2e.core.internal.Bundles - 	Entry: C:\Users\omkar\.p2\pool\plugins\org.eclipse.m2e.maven.runtime_3.9.600.20231203-1234\jars\org.eclipse.sisu.inject-0.9.0.M2.jar
2024-05-20 12:56:38,906 [Worker-3: Launching Executing clean in E__Cogent Training_Week_1_SpringJDBCExample] INFO  o.eclipse.m2e.core.internal.Bundles - 	Entry: C:\Users\omkar\.p2\pool\plugins\org.eclipse.m2e.maven.runtime_3.9.600.20231203-1234\jars\org.eclipse.sisu.plexus-0.9.0.M2.jar
2024-05-20 12:56:38,906 [Worker-3: Launching Executing clean in E__Cogent Training_Week_1_SpringJDBCExample] INFO  o.eclipse.m2e.core.internal.Bundles - 	Entry: C:\Users\omkar\.p2\pool\plugins\org.eclipse.m2e.maven.runtime_3.9.600.20231203-1234\jars\plexus-build-api-0.0.7.jar
2024-05-20 12:56:38,906 [Worker-3: Launching Executing clean in E__Cogent Training_Week_1_SpringJDBCExample] INFO  o.eclipse.m2e.core.internal.Bundles - 	Entry: C:\Users\omkar\.p2\pool\plugins\org.eclipse.m2e.maven.runtime_3.9.600.20231203-1234\jars\plexus-cipher-2.0.jar
2024-05-20 12:56:38,906 [Worker-3: Launching Executing clean in E__Cogent Training_Week_1_SpringJDBCExample] INFO  o.eclipse.m2e.core.internal.Bundles - 	Entry: C:\Users\omkar\.p2\pool\plugins\org.eclipse.m2e.maven.runtime_3.9.600.20231203-1234\jars\plexus-classworlds-2.7.0.jar
2024-05-20 12:56:38,907 [Worker-3: Launching Executing clean in E__Cogent Training_Week_1_SpringJDBCExample] INFO  o.eclipse.m2e.core.internal.Bundles - 	Entry: C:\Users\omkar\.p2\pool\plugins\org.eclipse.m2e.maven.runtime_3.9.600.20231203-1234\jars\plexus-component-annotations-2.1.0.jar
2024-05-20 12:56:38,907 [Worker-3: Launching Executing clean in E__Cogent Training_Week_1_SpringJDBCExample] INFO  o.eclipse.m2e.core.internal.Bundles - 	Entry: C:\Users\omkar\.p2\pool\plugins\org.eclipse.m2e.maven.runtime_3.9.600.20231203-1234\jars\plexus-interpolation-1.26.jar
2024-05-20 12:56:38,907 [Worker-3: Launching Executing clean in E__Cogent Training_Week_1_SpringJDBCExample] INFO  o.eclipse.m2e.core.internal.Bundles - 	Entry: C:\Users\omkar\.p2\pool\plugins\org.eclipse.m2e.maven.runtime_3.9.600.20231203-1234\jars\plexus-sec-dispatcher-2.0.jar
2024-05-20 12:56:38,907 [Worker-3: Launching Executing clean in E__Cogent Training_Week_1_SpringJDBCExample] INFO  o.eclipse.m2e.core.internal.Bundles - 	Entry: C:\Users\omkar\.p2\pool\plugins\org.eclipse.m2e.maven.runtime_3.9.600.20231203-1234\jars\plexus-utils-3.5.1.jar
2024-05-20 12:56:38,908 [Worker-3: Launching Executing clean in E__Cogent Training_Week_1_SpringJDBCExample] INFO  o.eclipse.m2e.core.internal.Bundles - 	Entry: C:\Users\omkar\.p2\pool\plugins\org.eclipse.m2e.maven.runtime_3.9.600.20231203-1234\jars\wagon-file-3.5.3.jar
2024-05-20 12:56:38,908 [Worker-3: Launching Executing clean in E__Cogent Training_Week_1_SpringJDBCExample] INFO  o.eclipse.m2e.core.internal.Bundles - 	Entry: C:\Users\omkar\.p2\pool\plugins\org.eclipse.m2e.maven.runtime_3.9.600.20231203-1234\jars\wagon-http-3.5.3.jar
2024-05-20 12:56:38,908 [Worker-3: Launching Executing clean in E__Cogent Training_Week_1_SpringJDBCExample] INFO  o.eclipse.m2e.core.internal.Bundles - 	Entry: C:\Users\omkar\.p2\pool\plugins\org.eclipse.m2e.maven.runtime_3.9.600.20231203-1234\jars\wagon-http-shared-3.5.3.jar
2024-05-20 12:56:38,908 [Worker-3: Launching Executing clean in E__Cogent Training_Week_1_SpringJDBCExample] INFO  o.eclipse.m2e.core.internal.Bundles - 	Entry: C:\Users\omkar\.p2\pool\plugins\org.eclipse.m2e.maven.runtime_3.9.600.20231203-1234\jars\wagon-provider-api-3.5.3.jar
2024-05-20 12:56:38,917 [Worker-3: Launching Executing clean in E__Cogent Training_Week_1_SpringJDBCExample] INFO  o.eclipse.m2e.core.internal.Bundles - getClasspathEntries(Bundle=com.google.guava_33.0.0.jre [14])
2024-05-20 12:56:38,919 [Worker-3: Launching Executing clean in E__Cogent Training_Week_1_SpringJDBCExample] INFO  o.eclipse.m2e.core.internal.Bundles - 	Entry: C:\Users\omkar\.p2\pool\plugins\com.google.guava_33.0.0.jre.jar
2024-05-20 12:56:38,919 [Worker-3: Launching Executing clean in E__Cogent Training_Week_1_SpringJDBCExample] INFO  o.eclipse.m2e.core.internal.Bundles - getClasspathEntries(Bundle=slf4j.api_2.0.13 [998])
2024-05-20 12:56:38,919 [Worker-3: Launching Executing clean in E__Cogent Training_Week_1_SpringJDBCExample] INFO  o.eclipse.m2e.core.internal.Bundles - 	Entry: C:\Users\omkar\.p2\pool\plugins\slf4j.api_2.0.13.jar
2024-05-20 12:56:38,920 [Worker-3: Launching Executing clean in E__Cogent Training_Week_1_SpringJDBCExample] INFO  o.eclipse.m2e.core.internal.Bundles - getClasspathEntries(Bundle=jakarta.inject.jakarta.inject-api_1.0.5 [32])
2024-05-20 12:56:38,920 [Worker-3: Launching Executing clean in E__Cogent Training_Week_1_SpringJDBCExample] INFO  o.eclipse.m2e.core.internal.Bundles - 	Entry: C:\Users\omkar\.p2\pool\plugins\jakarta.inject.jakarta.inject-api_1.0.5.jar
2024-05-20 12:56:38,920 [Worker-3: Launching Executing clean in E__Cogent Training_Week_1_SpringJDBCExample] INFO  o.eclipse.m2e.core.internal.Bundles - getClasspathEntries(Bundle=jakarta.annotation-api_1.3.5 [27])
2024-05-20 12:56:38,920 [Worker-3: Launching Executing clean in E__Cogent Training_Week_1_SpringJDBCExample] INFO  o.eclipse.m2e.core.internal.Bundles - 	Entry: C:\Users\omkar\.p2\pool\plugins\jakarta.annotation-api_1.3.5.jar
2024-05-20 12:56:38,920 [Worker-3: Launching Executing clean in E__Cogent Training_Week_1_SpringJDBCExample] INFO  o.eclipse.m2e.core.internal.Bundles - getClasspathEntries(Bundle=org.apache.commons.cli_1.6.0 [75])
2024-05-20 12:56:38,922 [Worker-3: Launching Executing clean in E__Cogent Training_Week_1_SpringJDBCExample] INFO  o.eclipse.m2e.core.internal.Bundles - 	Entry: C:\Users\omkar\.p2\pool\plugins\org.apache.commons.cli_1.6.0.jar
2024-05-20 12:56:38,922 [Worker-3: Launching Executing clean in E__Cogent Training_Week_1_SpringJDBCExample] INFO  o.eclipse.m2e.core.internal.Bundles - getClasspathEntries(Bundle=org.apache.commons.commons-codec_1.16.0 [78])
2024-05-20 12:56:38,923 [Worker-3: Launching Executing clean in E__Cogent Training_Week_1_SpringJDBCExample] INFO  o.eclipse.m2e.core.internal.Bundles - 	Entry: C:\Users\omkar\.p2\pool\plugins\org.apache.commons.commons-codec_1.16.0.jar
2024-05-20 12:56:38,923 [Worker-3: Launching Executing clean in E__Cogent Training_Week_1_SpringJDBCExample] INFO  o.eclipse.m2e.core.internal.Bundles - getClasspathEntries(Bundle=org.apache.commons.lang3_3.14.0 [86])
2024-05-20 12:56:38,924 [Worker-3: Launching Executing clean in E__Cogent Training_Week_1_SpringJDBCExample] INFO  o.eclipse.m2e.core.internal.Bundles - 	Entry: C:\Users\omkar\.p2\pool\plugins\org.apache.commons.lang3_3.14.0.jar
2024-05-20 12:56:38,924 [Worker-3: Launching Executing clean in E__Cogent Training_Week_1_SpringJDBCExample] INFO  o.eclipse.m2e.core.internal.Bundles - getClasspathEntries(Bundle=com.google.guava.failureaccess_1.0.2 [15])
2024-05-20 12:56:38,925 [Worker-3: Launching Executing clean in E__Cogent Training_Week_1_SpringJDBCExample] INFO  o.eclipse.m2e.core.internal.Bundles - 	Entry: C:\Users\omkar\.p2\pool\plugins\com.google.guava.failureaccess_1.0.2.jar
2024-05-20 12:56:38,933 [Worker-3: Launching Executing clean in E__Cogent Training_Week_1_SpringJDBCExample] INFO  o.e.m.i.launch.MavenLaunchDelegate - Run build in "E:\Cogent Training\Week_1\SpringJDBCExample":
2024-05-20 12:56:38,944 [Worker-3: Launching Executing clean in E__Cogent Training_Week_1_SpringJDBCExample] INFO  o.e.m.i.launch.MavenLaunchDelegate -  mvn  -B -Dstyle.color=always clean
2024-05-20 12:56:45,420 [Worker-28: Building] INFO  o.a.m.s.f.DefaultMavenResourcesFiltering - Copying 1 resource from src\main\resources to target\classes
2024-05-20 12:56:45,429 [Worker-28: Building] INFO  o.a.m.s.f.DefaultMavenResourcesFiltering - skip non existing resourceDirectory E:\Cogent Training\Week_1\SpringJDBCExample\src\test\resources
2024-05-20 12:58:03,238 [Worker-1: Building] INFO  o.e.m.c.i.l.LifecycleMappingFactory - Using org.eclipse.m2e.jdt.JarLifecycleMapping lifecycle mapping for MavenProject: com.demo:SpringJDBCExample:1.0-SNAPSHOT @ E:\Cogent Training\Week_1\SpringJDBCExample\pom.xml.
2024-05-20 12:58:03,658 [Worker-1: Building] INFO  o.a.m.s.f.DefaultMavenResourcesFiltering - Copying 0 resource from src\main\resources to target\classes
2024-05-20 12:58:03,663 [Worker-1: Building] INFO  o.a.m.s.f.DefaultMavenResourcesFiltering - skip non existing resourceDirectory E:\Cogent Training\Week_1\SpringJDBCExample\src\test\resources
2024-05-20 12:58:56,150 [main] INFO  o.e.m2e.actions.ExecutePomAction - Creating new launch configuration
2024-05-20 12:59:03,760 [Worker-8: Launching SpringJDBCExample] INFO  o.eclipse.m2e.core.internal.Bundles - getClasspathEntries(Bundle=org.eclipse.m2e.maven.runtime_3.9.600.20231203-1234 [635])
2024-05-20 12:59:03,761 [Worker-8: Launching SpringJDBCExample] INFO  o.eclipse.m2e.core.internal.Bundles - 	Entry: C:\Users\omkar\.p2\pool\plugins\org.eclipse.m2e.maven.runtime_3.9.600.20231203-1234
2024-05-20 12:59:03,762 [Worker-8: Launching SpringJDBCExample] INFO  o.eclipse.m2e.core.internal.Bundles - 	Entry: C:\Users\omkar\.p2\pool\plugins\org.eclipse.m2e.maven.runtime_3.9.600.20231203-1234\jars\aopalliance-1.0.jar
2024-05-20 12:59:03,762 [Worker-8: Launching SpringJDBCExample] INFO  o.eclipse.m2e.core.internal.Bundles - 	Entry: C:\Users\omkar\.p2\pool\plugins\org.eclipse.m2e.maven.runtime_3.9.600.20231203-1234\jars\guice-5.1.0.jar
2024-05-20 12:59:03,762 [Worker-8: Launching SpringJDBCExample] INFO  o.eclipse.m2e.core.internal.Bundles - 	Entry: C:\Users\omkar\.p2\pool\plugins\org.eclipse.m2e.maven.runtime_3.9.600.20231203-1234\jars\httpclient-4.5.14.jar
2024-05-20 12:59:03,762 [Worker-8: Launching SpringJDBCExample] INFO  o.eclipse.m2e.core.internal.Bundles - 	Entry: C:\Users\omkar\.p2\pool\plugins\org.eclipse.m2e.maven.runtime_3.9.600.20231203-1234\jars\httpcore-4.4.16.jar
2024-05-20 12:59:03,762 [Worker-8: Launching SpringJDBCExample] INFO  o.eclipse.m2e.core.internal.Bundles - 	Entry: C:\Users\omkar\.p2\pool\plugins\org.eclipse.m2e.maven.runtime_3.9.600.20231203-1234\jars\jansi-2.4.0.jar
2024-05-20 12:59:03,763 [Worker-8: Launching SpringJDBCExample] INFO  o.eclipse.m2e.core.internal.Bundles - 	Entry: C:\Users\omkar\.p2\pool\plugins\org.eclipse.m2e.maven.runtime_3.9.600.20231203-1234\jars\jcl-over-slf4j-1.7.36.jar
2024-05-20 12:59:03,763 [Worker-8: Launching SpringJDBCExample] INFO  o.eclipse.m2e.core.internal.Bundles - 	Entry: C:\Users\omkar\.p2\pool\plugins\org.eclipse.m2e.maven.runtime_3.9.600.20231203-1234\jars\maven-artifact-3.9.6.jar
2024-05-20 12:59:03,763 [Worker-8: Launching SpringJDBCExample] INFO  o.eclipse.m2e.core.internal.Bundles - 	Entry: C:\Users\omkar\.p2\pool\plugins\org.eclipse.m2e.maven.runtime_3.9.600.20231203-1234\jars\maven-builder-support-3.9.6.jar
2024-05-20 12:59:03,763 [Worker-8: Launching SpringJDBCExample] INFO  o.eclipse.m2e.core.internal.Bundles - 	Entry: C:\Users\omkar\.p2\pool\plugins\org.eclipse.m2e.maven.runtime_3.9.600.20231203-1234\jars\maven-compat-3.9.6.jar
2024-05-20 12:59:03,764 [Worker-8: Launching SpringJDBCExample] INFO  o.eclipse.m2e.core.internal.Bundles - 	Entry: C:\Users\omkar\.p2\pool\plugins\org.eclipse.m2e.maven.runtime_3.9.600.20231203-1234\jars\maven-core-3.9.6.jar
2024-05-20 12:59:03,764 [Worker-8: Launching SpringJDBCExample] INFO  o.eclipse.m2e.core.internal.Bundles - 	Entry: C:\Users\omkar\.p2\pool\plugins\org.eclipse.m2e.maven.runtime_3.9.600.20231203-1234\jars\maven-embedder-3.9.6.jar
2024-05-20 12:59:03,764 [Worker-8: Launching SpringJDBCExample] INFO  o.eclipse.m2e.core.internal.Bundles - 	Entry: C:\Users\omkar\.p2\pool\plugins\org.eclipse.m2e.maven.runtime_3.9.600.20231203-1234\jars\maven-model-3.9.6.jar
2024-05-20 12:59:03,764 [Worker-8: Launching SpringJDBCExample] INFO  o.eclipse.m2e.core.internal.Bundles - 	Entry: C:\Users\omkar\.p2\pool\plugins\org.eclipse.m2e.maven.runtime_3.9.600.20231203-1234\jars\maven-model-builder-3.9.6.jar
2024-05-20 12:59:03,765 [Worker-8: Launching SpringJDBCExample] INFO  o.eclipse.m2e.core.internal.Bundles - 	Entry: C:\Users\omkar\.p2\pool\plugins\org.eclipse.m2e.maven.runtime_3.9.600.20231203-1234\jars\maven-plugin-api-3.9.6.jar
2024-05-20 12:59:03,765 [Worker-8: Launching SpringJDBCExample] INFO  o.eclipse.m2e.core.internal.Bundles - 	Entry: C:\Users\omkar\.p2\pool\plugins\org.eclipse.m2e.maven.runtime_3.9.600.20231203-1234\jars\maven-repository-metadata-3.9.6.jar
2024-05-20 12:59:03,765 [Worker-8: Launching SpringJDBCExample] INFO  o.eclipse.m2e.core.internal.Bundles - 	Entry: C:\Users\omkar\.p2\pool\plugins\org.eclipse.m2e.maven.runtime_3.9.600.20231203-1234\jars\maven-resolver-api-1.9.18.jar
2024-05-20 12:59:03,766 [Worker-8: Launching SpringJDBCExample] INFO  o.eclipse.m2e.core.internal.Bundles - 	Entry: C:\Users\omkar\.p2\pool\plugins\org.eclipse.m2e.maven.runtime_3.9.600.20231203-1234\jars\maven-resolver-connector-basic-1.9.18.jar
2024-05-20 12:59:03,766 [Worker-8: Launching SpringJDBCExample] INFO  o.eclipse.m2e.core.internal.Bundles - 	Entry: C:\Users\omkar\.p2\pool\plugins\org.eclipse.m2e.maven.runtime_3.9.600.20231203-1234\jars\maven-resolver-impl-1.9.18.jar
2024-05-20 12:59:03,766 [Worker-8: Launching SpringJDBCExample] INFO  o.eclipse.m2e.core.internal.Bundles - 	Entry: C:\Users\omkar\.p2\pool\plugins\org.eclipse.m2e.maven.runtime_3.9.600.20231203-1234\jars\maven-resolver-named-locks-1.9.18.jar
2024-05-20 12:59:03,766 [Worker-8: Launching SpringJDBCExample] INFO  o.eclipse.m2e.core.internal.Bundles - 	Entry: C:\Users\omkar\.p2\pool\plugins\org.eclipse.m2e.maven.runtime_3.9.600.20231203-1234\jars\maven-resolver-provider-3.9.6.jar
2024-05-20 12:59:03,767 [Worker-8: Launching SpringJDBCExample] INFO  o.eclipse.m2e.core.internal.Bundles - 	Entry: C:\Users\omkar\.p2\pool\plugins\org.eclipse.m2e.maven.runtime_3.9.600.20231203-1234\jars\maven-resolver-spi-1.9.18.jar
2024-05-20 12:59:03,767 [Worker-8: Launching SpringJDBCExample] INFO  o.eclipse.m2e.core.internal.Bundles - 	Entry: C:\Users\omkar\.p2\pool\plugins\org.eclipse.m2e.maven.runtime_3.9.600.20231203-1234\jars\maven-resolver-transport-file-1.9.18.jar
2024-05-20 12:59:03,767 [Worker-8: Launching SpringJDBCExample] INFO  o.eclipse.m2e.core.internal.Bundles - 	Entry: C:\Users\omkar\.p2\pool\plugins\org.eclipse.m2e.maven.runtime_3.9.600.20231203-1234\jars\maven-resolver-transport-http-1.9.18.jar
2024-05-20 12:59:03,768 [Worker-8: Launching SpringJDBCExample] INFO  o.eclipse.m2e.core.internal.Bundles - 	Entry: C:\Users\omkar\.p2\pool\plugins\org.eclipse.m2e.maven.runtime_3.9.600.20231203-1234\jars\maven-resolver-transport-wagon-1.9.18.jar
2024-05-20 12:59:03,768 [Worker-8: Launching SpringJDBCExample] INFO  o.eclipse.m2e.core.internal.Bundles - 	Entry: C:\Users\omkar\.p2\pool\plugins\org.eclipse.m2e.maven.runtime_3.9.600.20231203-1234\jars\maven-resolver-util-1.9.18.jar
2024-05-20 12:59:03,768 [Worker-8: Launching SpringJDBCExample] INFO  o.eclipse.m2e.core.internal.Bundles - 	Entry: C:\Users\omkar\.p2\pool\plugins\org.eclipse.m2e.maven.runtime_3.9.600.20231203-1234\jars\maven-settings-3.9.6.jar
2024-05-20 12:59:03,768 [Worker-8: Launching SpringJDBCExample] INFO  o.eclipse.m2e.core.internal.Bundles - 	Entry: C:\Users\omkar\.p2\pool\plugins\org.eclipse.m2e.maven.runtime_3.9.600.20231203-1234\jars\maven-settings-builder-3.9.6.jar
2024-05-20 12:59:03,769 [Worker-8: Launching SpringJDBCExample] INFO  o.eclipse.m2e.core.internal.Bundles - 	Entry: C:\Users\omkar\.p2\pool\plugins\org.eclipse.m2e.maven.runtime_3.9.600.20231203-1234\jars\maven-shared-utils-3.3.4.jar
2024-05-20 12:59:03,769 [Worker-8: Launching SpringJDBCExample] INFO  o.eclipse.m2e.core.internal.Bundles - 	Entry: C:\Users\omkar\.p2\pool\plugins\org.eclipse.m2e.maven.runtime_3.9.600.20231203-1234\jars\org.eclipse.sisu.inject-0.9.0.M2.jar
2024-05-20 12:59:03,769 [Worker-8: Launching SpringJDBCExample] INFO  o.eclipse.m2e.core.internal.Bundles - 	Entry: C:\Users\omkar\.p2\pool\plugins\org.eclipse.m2e.maven.runtime_3.9.600.20231203-1234\jars\org.eclipse.sisu.plexus-0.9.0.M2.jar
2024-05-20 12:59:03,769 [Worker-8: Launching SpringJDBCExample] INFO  o.eclipse.m2e.core.internal.Bundles - 	Entry: C:\Users\omkar\.p2\pool\plugins\org.eclipse.m2e.maven.runtime_3.9.600.20231203-1234\jars\plexus-build-api-0.0.7.jar
2024-05-20 12:59:03,770 [Worker-8: Launching SpringJDBCExample] INFO  o.eclipse.m2e.core.internal.Bundles - 	Entry: C:\Users\omkar\.p2\pool\plugins\org.eclipse.m2e.maven.runtime_3.9.600.20231203-1234\jars\plexus-cipher-2.0.jar
2024-05-20 12:59:03,770 [Worker-8: Launching SpringJDBCExample] INFO  o.eclipse.m2e.core.internal.Bundles - 	Entry: C:\Users\omkar\.p2\pool\plugins\org.eclipse.m2e.maven.runtime_3.9.600.20231203-1234\jars\plexus-classworlds-2.7.0.jar
2024-05-20 12:59:03,770 [Worker-8: Launching SpringJDBCExample] INFO  o.eclipse.m2e.core.internal.Bundles - 	Entry: C:\Users\omkar\.p2\pool\plugins\org.eclipse.m2e.maven.runtime_3.9.600.20231203-1234\jars\plexus-component-annotations-2.1.0.jar
2024-05-20 12:59:03,770 [Worker-8: Launching SpringJDBCExample] INFO  o.eclipse.m2e.core.internal.Bundles - 	Entry: C:\Users\omkar\.p2\pool\plugins\org.eclipse.m2e.maven.runtime_3.9.600.20231203-1234\jars\plexus-interpolation-1.26.jar
2024-05-20 12:59:03,770 [Worker-8: Launching SpringJDBCExample] INFO  o.eclipse.m2e.core.internal.Bundles - 	Entry: C:\Users\omkar\.p2\pool\plugins\org.eclipse.m2e.maven.runtime_3.9.600.20231203-1234\jars\plexus-sec-dispatcher-2.0.jar
2024-05-20 12:59:03,770 [Worker-8: Launching SpringJDBCExample] INFO  o.eclipse.m2e.core.internal.Bundles - 	Entry: C:\Users\omkar\.p2\pool\plugins\org.eclipse.m2e.maven.runtime_3.9.600.20231203-1234\jars\plexus-utils-3.5.1.jar
2024-05-20 12:59:03,770 [Worker-8: Launching SpringJDBCExample] INFO  o.eclipse.m2e.core.internal.Bundles - 	Entry: C:\Users\omkar\.p2\pool\plugins\org.eclipse.m2e.maven.runtime_3.9.600.20231203-1234\jars\wagon-file-3.5.3.jar
2024-05-20 12:59:03,772 [Worker-8: Launching SpringJDBCExample] INFO  o.eclipse.m2e.core.internal.Bundles - 	Entry: C:\Users\omkar\.p2\pool\plugins\org.eclipse.m2e.maven.runtime_3.9.600.20231203-1234\jars\wagon-http-3.5.3.jar
2024-05-20 12:59:03,772 [Worker-8: Launching SpringJDBCExample] INFO  o.eclipse.m2e.core.internal.Bundles - 	Entry: C:\Users\omkar\.p2\pool\plugins\org.eclipse.m2e.maven.runtime_3.9.600.20231203-1234\jars\wagon-http-shared-3.5.3.jar
2024-05-20 12:59:03,772 [Worker-8: Launching SpringJDBCExample] INFO  o.eclipse.m2e.core.internal.Bundles - 	Entry: C:\Users\omkar\.p2\pool\plugins\org.eclipse.m2e.maven.runtime_3.9.600.20231203-1234\jars\wagon-provider-api-3.5.3.jar
2024-05-20 12:59:03,773 [Worker-8: Launching SpringJDBCExample] INFO  o.eclipse.m2e.core.internal.Bundles - getClasspathEntries(Bundle=com.google.guava_33.0.0.jre [14])
2024-05-20 12:59:03,773 [Worker-8: Launching SpringJDBCExample] INFO  o.eclipse.m2e.core.internal.Bundles - 	Entry: C:\Users\omkar\.p2\pool\plugins\com.google.guava_33.0.0.jre.jar
2024-05-20 12:59:03,773 [Worker-8: Launching SpringJDBCExample] INFO  o.eclipse.m2e.core.internal.Bundles - getClasspathEntries(Bundle=slf4j.api_2.0.13 [998])
2024-05-20 12:59:03,774 [Worker-8: Launching SpringJDBCExample] INFO  o.eclipse.m2e.core.internal.Bundles - 	Entry: C:\Users\omkar\.p2\pool\plugins\slf4j.api_2.0.13.jar
2024-05-20 12:59:03,774 [Worker-8: Launching SpringJDBCExample] INFO  o.eclipse.m2e.core.internal.Bundles - getClasspathEntries(Bundle=jakarta.inject.jakarta.inject-api_1.0.5 [32])
2024-05-20 12:59:03,775 [Worker-8: Launching SpringJDBCExample] INFO  o.eclipse.m2e.core.internal.Bundles - 	Entry: C:\Users\omkar\.p2\pool\plugins\jakarta.inject.jakarta.inject-api_1.0.5.jar
2024-05-20 12:59:03,775 [Worker-8: Launching SpringJDBCExample] INFO  o.eclipse.m2e.core.internal.Bundles - getClasspathEntries(Bundle=jakarta.annotation-api_1.3.5 [27])
2024-05-20 12:59:03,775 [Worker-8: Launching SpringJDBCExample] INFO  o.eclipse.m2e.core.internal.Bundles - 	Entry: C:\Users\omkar\.p2\pool\plugins\jakarta.annotation-api_1.3.5.jar
2024-05-20 12:59:03,775 [Worker-8: Launching SpringJDBCExample] INFO  o.eclipse.m2e.core.internal.Bundles - getClasspathEntries(Bundle=org.apache.commons.cli_1.6.0 [75])
2024-05-20 12:59:03,776 [Worker-8: Launching SpringJDBCExample] INFO  o.eclipse.m2e.core.internal.Bundles - 	Entry: C:\Users\omkar\.p2\pool\plugins\org.apache.commons.cli_1.6.0.jar
2024-05-20 12:59:03,776 [Worker-8: Launching SpringJDBCExample] INFO  o.eclipse.m2e.core.internal.Bundles - getClasspathEntries(Bundle=org.apache.commons.commons-codec_1.16.0 [78])
2024-05-20 12:59:03,777 [Worker-8: Launching SpringJDBCExample] INFO  o.eclipse.m2e.core.internal.Bundles - 	Entry: C:\Users\omkar\.p2\pool\plugins\org.apache.commons.commons-codec_1.16.0.jar
2024-05-20 12:59:03,777 [Worker-8: Launching SpringJDBCExample] INFO  o.eclipse.m2e.core.internal.Bundles - getClasspathEntries(Bundle=org.apache.commons.lang3_3.14.0 [86])
2024-05-20 12:59:03,777 [Worker-8: Launching SpringJDBCExample] INFO  o.eclipse.m2e.core.internal.Bundles - 	Entry: C:\Users\omkar\.p2\pool\plugins\org.apache.commons.lang3_3.14.0.jar
2024-05-20 12:59:03,777 [Worker-8: Launching SpringJDBCExample] INFO  o.eclipse.m2e.core.internal.Bundles - getClasspathEntries(Bundle=com.google.guava.failureaccess_1.0.2 [15])
2024-05-20 12:59:03,778 [Worker-8: Launching SpringJDBCExample] INFO  o.eclipse.m2e.core.internal.Bundles - 	Entry: C:\Users\omkar\.p2\pool\plugins\com.google.guava.failureaccess_1.0.2.jar
2024-05-20 12:59:03,779 [Worker-8: Launching SpringJDBCExample] INFO  o.e.m.i.launch.MavenLaunchDelegate - Run build in "E:\Cogent Training\Week_1\SpringJDBCExample":
2024-05-20 12:59:03,780 [Worker-8: Launching SpringJDBCExample] INFO  o.e.m.i.launch.MavenLaunchDelegate -  mvn  -B -Dstyle.color=always 
2024-05-20 12:59:20,476 [Worker-23: Building] INFO  o.e.m.c.i.l.LifecycleMappingFactory - Using org.eclipse.m2e.jdt.JarLifecycleMapping lifecycle mapping for MavenProject: com.demo:SpringJDBCExample:1.0-SNAPSHOT @ E:\Cogent Training\Week_1\SpringJDBCExample\pom.xml.
2024-05-20 12:59:20,906 [Worker-23: Building] INFO  o.a.m.s.f.DefaultMavenResourcesFiltering - Copying 0 resource from src\main\resources to target\classes
2024-05-20 12:59:20,918 [Worker-23: Building] INFO  o.a.m.s.f.DefaultMavenResourcesFiltering - skip non existing resourceDirectory E:\Cogent Training\Week_1\SpringJDBCExample\src\test\resources
2024-05-20 13:00:17,220 [Worker-12: Launching SpringJDBCExample] INFO  o.eclipse.m2e.core.internal.Bundles - getClasspathEntries(Bundle=org.eclipse.m2e.maven.runtime_3.9.600.20231203-1234 [635])
2024-05-20 13:00:17,222 [Worker-12: Launching SpringJDBCExample] INFO  o.eclipse.m2e.core.internal.Bundles - 	Entry: C:\Users\omkar\.p2\pool\plugins\org.eclipse.m2e.maven.runtime_3.9.600.20231203-1234
2024-05-20 13:00:17,222 [Worker-12: Launching SpringJDBCExample] INFO  o.eclipse.m2e.core.internal.Bundles - 	Entry: C:\Users\omkar\.p2\pool\plugins\org.eclipse.m2e.maven.runtime_3.9.600.20231203-1234\jars\aopalliance-1.0.jar
2024-05-20 13:00:17,222 [Worker-12: Launching SpringJDBCExample] INFO  o.eclipse.m2e.core.internal.Bundles - 	Entry: C:\Users\omkar\.p2\pool\plugins\org.eclipse.m2e.maven.runtime_3.9.600.20231203-1234\jars\guice-5.1.0.jar
2024-05-20 13:00:17,223 [Worker-12: Launching SpringJDBCExample] INFO  o.eclipse.m2e.core.internal.Bundles - 	Entry: C:\Users\omkar\.p2\pool\plugins\org.eclipse.m2e.maven.runtime_3.9.600.20231203-1234\jars\httpclient-4.5.14.jar
2024-05-20 13:00:17,223 [Worker-12: Launching SpringJDBCExample] INFO  o.eclipse.m2e.core.internal.Bundles - 	Entry: C:\Users\omkar\.p2\pool\plugins\org.eclipse.m2e.maven.runtime_3.9.600.20231203-1234\jars\httpcore-4.4.16.jar
2024-05-20 13:00:17,223 [Worker-12: Launching SpringJDBCExample] INFO  o.eclipse.m2e.core.internal.Bundles - 	Entry: C:\Users\omkar\.p2\pool\plugins\org.eclipse.m2e.maven.runtime_3.9.600.20231203-1234\jars\jansi-2.4.0.jar
2024-05-20 13:00:17,224 [Worker-12: Launching SpringJDBCExample] INFO  o.eclipse.m2e.core.internal.Bundles - 	Entry: C:\Users\omkar\.p2\pool\plugins\org.eclipse.m2e.maven.runtime_3.9.600.20231203-1234\jars\jcl-over-slf4j-1.7.36.jar
2024-05-20 13:00:17,224 [Worker-12: Launching SpringJDBCExample] INFO  o.eclipse.m2e.core.internal.Bundles - 	Entry: C:\Users\omkar\.p2\pool\plugins\org.eclipse.m2e.maven.runtime_3.9.600.20231203-1234\jars\maven-artifact-3.9.6.jar
2024-05-20 13:00:17,224 [Worker-12: Launching SpringJDBCExample] INFO  o.eclipse.m2e.core.internal.Bundles - 	Entry: C:\Users\omkar\.p2\pool\plugins\org.eclipse.m2e.maven.runtime_3.9.600.20231203-1234\jars\maven-builder-support-3.9.6.jar
2024-05-20 13:00:17,225 [Worker-12: Launching SpringJDBCExample] INFO  o.eclipse.m2e.core.internal.Bundles - 	Entry: C:\Users\omkar\.p2\pool\plugins\org.eclipse.m2e.maven.runtime_3.9.600.20231203-1234\jars\maven-compat-3.9.6.jar
2024-05-20 13:00:17,225 [Worker-12: Launching SpringJDBCExample] INFO  o.eclipse.m2e.core.internal.Bundles - 	Entry: C:\Users\omkar\.p2\pool\plugins\org.eclipse.m2e.maven.runtime_3.9.600.20231203-1234\jars\maven-core-3.9.6.jar
2024-05-20 13:00:17,225 [Worker-12: Launching SpringJDBCExample] INFO  o.eclipse.m2e.core.internal.Bundles - 	Entry: C:\Users\omkar\.p2\pool\plugins\org.eclipse.m2e.maven.runtime_3.9.600.20231203-1234\jars\maven-embedder-3.9.6.jar
2024-05-20 13:00:17,225 [Worker-12: Launching SpringJDBCExample] INFO  o.eclipse.m2e.core.internal.Bundles - 	Entry: C:\Users\omkar\.p2\pool\plugins\org.eclipse.m2e.maven.runtime_3.9.600.20231203-1234\jars\maven-model-3.9.6.jar
2024-05-20 13:00:17,225 [Worker-12: Launching SpringJDBCExample] INFO  o.eclipse.m2e.core.internal.Bundles - 	Entry: C:\Users\omkar\.p2\pool\plugins\org.eclipse.m2e.maven.runtime_3.9.600.20231203-1234\jars\maven-model-builder-3.9.6.jar
2024-05-20 13:00:17,227 [Worker-12: Launching SpringJDBCExample] INFO  o.eclipse.m2e.core.internal.Bundles - 	Entry: C:\Users\omkar\.p2\pool\plugins\org.eclipse.m2e.maven.runtime_3.9.600.20231203-1234\jars\maven-plugin-api-3.9.6.jar
2024-05-20 13:00:17,227 [Worker-12: Launching SpringJDBCExample] INFO  o.eclipse.m2e.core.internal.Bundles - 	Entry: C:\Users\omkar\.p2\pool\plugins\org.eclipse.m2e.maven.runtime_3.9.600.20231203-1234\jars\maven-repository-metadata-3.9.6.jar
2024-05-20 13:00:17,227 [Worker-12: Launching SpringJDBCExample] INFO  o.eclipse.m2e.core.internal.Bundles - 	Entry: C:\Users\omkar\.p2\pool\plugins\org.eclipse.m2e.maven.runtime_3.9.600.20231203-1234\jars\maven-resolver-api-1.9.18.jar
2024-05-20 13:00:17,228 [Worker-12: Launching SpringJDBCExample] INFO  o.eclipse.m2e.core.internal.Bundles - 	Entry: C:\Users\omkar\.p2\pool\plugins\org.eclipse.m2e.maven.runtime_3.9.600.20231203-1234\jars\maven-resolver-connector-basic-1.9.18.jar
2024-05-20 13:00:17,228 [Worker-12: Launching SpringJDBCExample] INFO  o.eclipse.m2e.core.internal.Bundles - 	Entry: C:\Users\omkar\.p2\pool\plugins\org.eclipse.m2e.maven.runtime_3.9.600.20231203-1234\jars\maven-resolver-impl-1.9.18.jar
2024-05-20 13:00:17,229 [Worker-12: Launching SpringJDBCExample] INFO  o.eclipse.m2e.core.internal.Bundles - 	Entry: C:\Users\omkar\.p2\pool\plugins\org.eclipse.m2e.maven.runtime_3.9.600.20231203-1234\jars\maven-resolver-named-locks-1.9.18.jar
2024-05-20 13:00:17,229 [Worker-12: Launching SpringJDBCExample] INFO  o.eclipse.m2e.core.internal.Bundles - 	Entry: C:\Users\omkar\.p2\pool\plugins\org.eclipse.m2e.maven.runtime_3.9.600.20231203-1234\jars\maven-resolver-provider-3.9.6.jar
2024-05-20 13:00:17,230 [Worker-12: Launching SpringJDBCExample] INFO  o.eclipse.m2e.core.internal.Bundles - 	Entry: C:\Users\omkar\.p2\pool\plugins\org.eclipse.m2e.maven.runtime_3.9.600.20231203-1234\jars\maven-resolver-spi-1.9.18.jar
2024-05-20 13:00:17,230 [Worker-12: Launching SpringJDBCExample] INFO  o.eclipse.m2e.core.internal.Bundles - 	Entry: C:\Users\omkar\.p2\pool\plugins\org.eclipse.m2e.maven.runtime_3.9.600.20231203-1234\jars\maven-resolver-transport-file-1.9.18.jar
2024-05-20 13:00:17,230 [Worker-12: Launching SpringJDBCExample] INFO  o.eclipse.m2e.core.internal.Bundles - 	Entry: C:\Users\omkar\.p2\pool\plugins\org.eclipse.m2e.maven.runtime_3.9.600.20231203-1234\jars\maven-resolver-transport-http-1.9.18.jar
2024-05-20 13:00:17,231 [Worker-12: Launching SpringJDBCExample] INFO  o.eclipse.m2e.core.internal.Bundles - 	Entry: C:\Users\omkar\.p2\pool\plugins\org.eclipse.m2e.maven.runtime_3.9.600.20231203-1234\jars\maven-resolver-transport-wagon-1.9.18.jar
2024-05-20 13:00:17,231 [Worker-12: Launching SpringJDBCExample] INFO  o.eclipse.m2e.core.internal.Bundles - 	Entry: C:\Users\omkar\.p2\pool\plugins\org.eclipse.m2e.maven.runtime_3.9.600.20231203-1234\jars\maven-resolver-util-1.9.18.jar
2024-05-20 13:00:17,231 [Worker-12: Launching SpringJDBCExample] INFO  o.eclipse.m2e.core.internal.Bundles - 	Entry: C:\Users\omkar\.p2\pool\plugins\org.eclipse.m2e.maven.runtime_3.9.600.20231203-1234\jars\maven-settings-3.9.6.jar
2024-05-20 13:00:17,232 [Worker-12: Launching SpringJDBCExample] INFO  o.eclipse.m2e.core.internal.Bundles - 	Entry: C:\Users\omkar\.p2\pool\plugins\org.eclipse.m2e.maven.runtime_3.9.600.20231203-1234\jars\maven-settings-builder-3.9.6.jar
2024-05-20 13:00:17,232 [Worker-12: Launching SpringJDBCExample] INFO  o.eclipse.m2e.core.internal.Bundles - 	Entry: C:\Users\omkar\.p2\pool\plugins\org.eclipse.m2e.maven.runtime_3.9.600.20231203-1234\jars\maven-shared-utils-3.3.4.jar
2024-05-20 13:00:17,233 [Worker-12: Launching SpringJDBCExample] INFO  o.eclipse.m2e.core.internal.Bundles - 	Entry: C:\Users\omkar\.p2\pool\plugins\org.eclipse.m2e.maven.runtime_3.9.600.20231203-1234\jars\org.eclipse.sisu.inject-0.9.0.M2.jar
2024-05-20 13:00:17,233 [Worker-12: Launching SpringJDBCExample] INFO  o.eclipse.m2e.core.internal.Bundles - 	Entry: C:\Users\omkar\.p2\pool\plugins\org.eclipse.m2e.maven.runtime_3.9.600.20231203-1234\jars\org.eclipse.sisu.plexus-0.9.0.M2.jar
2024-05-20 13:00:17,233 [Worker-12: Launching SpringJDBCExample] INFO  o.eclipse.m2e.core.internal.Bundles - 	Entry: C:\Users\omkar\.p2\pool\plugins\org.eclipse.m2e.maven.runtime_3.9.600.20231203-1234\jars\plexus-build-api-0.0.7.jar
2024-05-20 13:00:17,234 [Worker-12: Launching SpringJDBCExample] INFO  o.eclipse.m2e.core.internal.Bundles - 	Entry: C:\Users\omkar\.p2\pool\plugins\org.eclipse.m2e.maven.runtime_3.9.600.20231203-1234\jars\plexus-cipher-2.0.jar
2024-05-20 13:00:17,234 [Worker-12: Launching SpringJDBCExample] INFO  o.eclipse.m2e.core.internal.Bundles - 	Entry: C:\Users\omkar\.p2\pool\plugins\org.eclipse.m2e.maven.runtime_3.9.600.20231203-1234\jars\plexus-classworlds-2.7.0.jar
2024-05-20 13:00:17,234 [Worker-12: Launching SpringJDBCExample] INFO  o.eclipse.m2e.core.internal.Bundles - 	Entry: C:\Users\omkar\.p2\pool\plugins\org.eclipse.m2e.maven.runtime_3.9.600.20231203-1234\jars\plexus-component-annotations-2.1.0.jar
2024-05-20 13:00:17,235 [Worker-12: Launching SpringJDBCExample] INFO  o.eclipse.m2e.core.internal.Bundles - 	Entry: C:\Users\omkar\.p2\pool\plugins\org.eclipse.m2e.maven.runtime_3.9.600.20231203-1234\jars\plexus-interpolation-1.26.jar
2024-05-20 13:00:17,235 [Worker-12: Launching SpringJDBCExample] INFO  o.eclipse.m2e.core.internal.Bundles - 	Entry: C:\Users\omkar\.p2\pool\plugins\org.eclipse.m2e.maven.runtime_3.9.600.20231203-1234\jars\plexus-sec-dispatcher-2.0.jar
2024-05-20 13:00:17,236 [Worker-12: Launching SpringJDBCExample] INFO  o.eclipse.m2e.core.internal.Bundles - 	Entry: C:\Users\omkar\.p2\pool\plugins\org.eclipse.m2e.maven.runtime_3.9.600.20231203-1234\jars\plexus-utils-3.5.1.jar
2024-05-20 13:00:17,236 [Worker-12: Launching SpringJDBCExample] INFO  o.eclipse.m2e.core.internal.Bundles - 	Entry: C:\Users\omkar\.p2\pool\plugins\org.eclipse.m2e.maven.runtime_3.9.600.20231203-1234\jars\wagon-file-3.5.3.jar
2024-05-20 13:00:17,236 [Worker-12: Launching SpringJDBCExample] INFO  o.eclipse.m2e.core.internal.Bundles - 	Entry: C:\Users\omkar\.p2\pool\plugins\org.eclipse.m2e.maven.runtime_3.9.600.20231203-1234\jars\wagon-http-3.5.3.jar
2024-05-20 13:00:17,236 [Worker-12: Launching SpringJDBCExample] INFO  o.eclipse.m2e.core.internal.Bundles - 	Entry: C:\Users\omkar\.p2\pool\plugins\org.eclipse.m2e.maven.runtime_3.9.600.20231203-1234\jars\wagon-http-shared-3.5.3.jar
2024-05-20 13:00:17,237 [Worker-12: Launching SpringJDBCExample] INFO  o.eclipse.m2e.core.internal.Bundles - 	Entry: C:\Users\omkar\.p2\pool\plugins\org.eclipse.m2e.maven.runtime_3.9.600.20231203-1234\jars\wagon-provider-api-3.5.3.jar
2024-05-20 13:00:17,237 [Worker-12: Launching SpringJDBCExample] INFO  o.eclipse.m2e.core.internal.Bundles - getClasspathEntries(Bundle=com.google.guava_33.0.0.jre [14])
2024-05-20 13:00:17,238 [Worker-12: Launching SpringJDBCExample] INFO  o.eclipse.m2e.core.internal.Bundles - 	Entry: C:\Users\omkar\.p2\pool\plugins\com.google.guava_33.0.0.jre.jar
2024-05-20 13:00:17,238 [Worker-12: Launching SpringJDBCExample] INFO  o.eclipse.m2e.core.internal.Bundles - getClasspathEntries(Bundle=slf4j.api_2.0.13 [998])
2024-05-20 13:00:17,239 [Worker-12: Launching SpringJDBCExample] INFO  o.eclipse.m2e.core.internal.Bundles - 	Entry: C:\Users\omkar\.p2\pool\plugins\slf4j.api_2.0.13.jar
2024-05-20 13:00:17,239 [Worker-12: Launching SpringJDBCExample] INFO  o.eclipse.m2e.core.internal.Bundles - getClasspathEntries(Bundle=jakarta.inject.jakarta.inject-api_1.0.5 [32])
2024-05-20 13:00:17,240 [Worker-12: Launching SpringJDBCExample] INFO  o.eclipse.m2e.core.internal.Bundles - 	Entry: C:\Users\omkar\.p2\pool\plugins\jakarta.inject.jakarta.inject-api_1.0.5.jar
2024-05-20 13:00:17,240 [Worker-12: Launching SpringJDBCExample] INFO  o.eclipse.m2e.core.internal.Bundles - getClasspathEntries(Bundle=jakarta.annotation-api_1.3.5 [27])
2024-05-20 13:00:17,241 [Worker-12: Launching SpringJDBCExample] INFO  o.eclipse.m2e.core.internal.Bundles - 	Entry: C:\Users\omkar\.p2\pool\plugins\jakarta.annotation-api_1.3.5.jar
2024-05-20 13:00:17,241 [Worker-12: Launching SpringJDBCExample] INFO  o.eclipse.m2e.core.internal.Bundles - getClasspathEntries(Bundle=org.apache.commons.cli_1.6.0 [75])
2024-05-20 13:00:17,241 [Worker-12: Launching SpringJDBCExample] INFO  o.eclipse.m2e.core.internal.Bundles - 	Entry: C:\Users\omkar\.p2\pool\plugins\org.apache.commons.cli_1.6.0.jar
2024-05-20 13:00:17,241 [Worker-12: Launching SpringJDBCExample] INFO  o.eclipse.m2e.core.internal.Bundles - getClasspathEntries(Bundle=org.apache.commons.commons-codec_1.16.0 [78])
2024-05-20 13:00:17,241 [Worker-12: Launching SpringJDBCExample] INFO  o.eclipse.m2e.core.internal.Bundles - 	Entry: C:\Users\omkar\.p2\pool\plugins\org.apache.commons.commons-codec_1.16.0.jar
2024-05-20 13:00:17,241 [Worker-12: Launching SpringJDBCExample] INFO  o.eclipse.m2e.core.internal.Bundles - getClasspathEntries(Bundle=org.apache.commons.lang3_3.14.0 [86])
2024-05-20 13:00:17,242 [Worker-12: Launching SpringJDBCExample] INFO  o.eclipse.m2e.core.internal.Bundles - 	Entry: C:\Users\omkar\.p2\pool\plugins\org.apache.commons.lang3_3.14.0.jar
2024-05-20 13:00:17,242 [Worker-12: Launching SpringJDBCExample] INFO  o.eclipse.m2e.core.internal.Bundles - getClasspathEntries(Bundle=com.google.guava.failureaccess_1.0.2 [15])
2024-05-20 13:00:17,243 [Worker-12: Launching SpringJDBCExample] INFO  o.eclipse.m2e.core.internal.Bundles - 	Entry: C:\Users\omkar\.p2\pool\plugins\com.google.guava.failureaccess_1.0.2.jar
2024-05-20 13:00:17,245 [Worker-12: Launching SpringJDBCExample] INFO  o.e.m.i.launch.MavenLaunchDelegate - Run build in "E:\Cogent Training\Week_1\SpringJDBCExample":
2024-05-20 13:00:17,245 [Worker-12: Launching SpringJDBCExample] INFO  o.e.m.i.launch.MavenLaunchDelegate -  mvn  -B -Dstyle.color=always 
2024-05-20 13:00:41,176 [Worker-11: Building] INFO  o.e.m.c.i.l.LifecycleMappingFactory - Using org.eclipse.m2e.jdt.JarLifecycleMapping lifecycle mapping for MavenProject: com.demo:SpringJDBCExample:1.0-SNAPSHOT @ E:\Cogent Training\Week_1\SpringJDBCExample\pom.xml.
2024-05-20 13:00:41,427 [Worker-11: Building] INFO  o.a.m.s.f.DefaultMavenResourcesFiltering - Copying 0 resource from src\main\resources to target\classes
2024-05-20 13:00:41,431 [Worker-11: Building] INFO  o.a.m.s.f.DefaultMavenResourcesFiltering - skip non existing resourceDirectory E:\Cogent Training\Week_1\SpringJDBCExample\src\test\resources
2024-05-20 13:00:46,420 [main] INFO  o.e.m2e.actions.ExecutePomAction - Creating new launch configuration
2024-05-20 13:01:03,214 [Worker-17: Launching SpringJDBCExample (1)] INFO  o.eclipse.m2e.core.internal.Bundles - getClasspathEntries(Bundle=org.eclipse.m2e.maven.runtime_3.9.600.20231203-1234 [635])
2024-05-20 13:01:03,215 [Worker-17: Launching SpringJDBCExample (1)] INFO  o.eclipse.m2e.core.internal.Bundles - 	Entry: C:\Users\omkar\.p2\pool\plugins\org.eclipse.m2e.maven.runtime_3.9.600.20231203-1234
2024-05-20 13:01:03,215 [Worker-17: Launching SpringJDBCExample (1)] INFO  o.eclipse.m2e.core.internal.Bundles - 	Entry: C:\Users\omkar\.p2\pool\plugins\org.eclipse.m2e.maven.runtime_3.9.600.20231203-1234\jars\aopalliance-1.0.jar
2024-05-20 13:01:03,216 [Worker-17: Launching SpringJDBCExample (1)] INFO  o.eclipse.m2e.core.internal.Bundles - 	Entry: C:\Users\omkar\.p2\pool\plugins\org.eclipse.m2e.maven.runtime_3.9.600.20231203-1234\jars\guice-5.1.0.jar
2024-05-20 13:01:03,216 [Worker-17: Launching SpringJDBCExample (1)] INFO  o.eclipse.m2e.core.internal.Bundles - 	Entry: C:\Users\omkar\.p2\pool\plugins\org.eclipse.m2e.maven.runtime_3.9.600.20231203-1234\jars\httpclient-4.5.14.jar
2024-05-20 13:01:03,216 [Worker-17: Launching SpringJDBCExample (1)] INFO  o.eclipse.m2e.core.internal.Bundles - 	Entry: C:\Users\omkar\.p2\pool\plugins\org.eclipse.m2e.maven.runtime_3.9.600.20231203-1234\jars\httpcore-4.4.16.jar
2024-05-20 13:01:03,217 [Worker-17: Launching SpringJDBCExample (1)] INFO  o.eclipse.m2e.core.internal.Bundles - 	Entry: C:\Users\omkar\.p2\pool\plugins\org.eclipse.m2e.maven.runtime_3.9.600.20231203-1234\jars\jansi-2.4.0.jar
2024-05-20 13:01:03,217 [Worker-17: Launching SpringJDBCExample (1)] INFO  o.eclipse.m2e.core.internal.Bundles - 	Entry: C:\Users\omkar\.p2\pool\plugins\org.eclipse.m2e.maven.runtime_3.9.600.20231203-1234\jars\jcl-over-slf4j-1.7.36.jar
2024-05-20 13:01:03,217 [Worker-17: Launching SpringJDBCExample (1)] INFO  o.eclipse.m2e.core.internal.Bundles - 	Entry: C:\Users\omkar\.p2\pool\plugins\org.eclipse.m2e.maven.runtime_3.9.600.20231203-1234\jars\maven-artifact-3.9.6.jar
2024-05-20 13:01:03,217 [Worker-17: Launching SpringJDBCExample (1)] INFO  o.eclipse.m2e.core.internal.Bundles - 	Entry: C:\Users\omkar\.p2\pool\plugins\org.eclipse.m2e.maven.runtime_3.9.600.20231203-1234\jars\maven-builder-support-3.9.6.jar
2024-05-20 13:01:03,218 [Worker-17: Launching SpringJDBCExample (1)] INFO  o.eclipse.m2e.core.internal.Bundles - 	Entry: C:\Users\omkar\.p2\pool\plugins\org.eclipse.m2e.maven.runtime_3.9.600.20231203-1234\jars\maven-compat-3.9.6.jar
2024-05-20 13:01:03,218 [Worker-17: Launching SpringJDBCExample (1)] INFO  o.eclipse.m2e.core.internal.Bundles - 	Entry: C:\Users\omkar\.p2\pool\plugins\org.eclipse.m2e.maven.runtime_3.9.600.20231203-1234\jars\maven-core-3.9.6.jar
2024-05-20 13:01:03,218 [Worker-17: Launching SpringJDBCExample (1)] INFO  o.eclipse.m2e.core.internal.Bundles - 	Entry: C:\Users\omkar\.p2\pool\plugins\org.eclipse.m2e.maven.runtime_3.9.600.20231203-1234\jars\maven-embedder-3.9.6.jar
2024-05-20 13:01:03,218 [Worker-17: Launching SpringJDBCExample (1)] INFO  o.eclipse.m2e.core.internal.Bundles - 	Entry: C:\Users\omkar\.p2\pool\plugins\org.eclipse.m2e.maven.runtime_3.9.600.20231203-1234\jars\maven-model-3.9.6.jar
2024-05-20 13:01:03,219 [Worker-17: Launching SpringJDBCExample (1)] INFO  o.eclipse.m2e.core.internal.Bundles - 	Entry: C:\Users\omkar\.p2\pool\plugins\org.eclipse.m2e.maven.runtime_3.9.600.20231203-1234\jars\maven-model-builder-3.9.6.jar
2024-05-20 13:01:03,219 [Worker-17: Launching SpringJDBCExample (1)] INFO  o.eclipse.m2e.core.internal.Bundles - 	Entry: C:\Users\omkar\.p2\pool\plugins\org.eclipse.m2e.maven.runtime_3.9.600.20231203-1234\jars\maven-plugin-api-3.9.6.jar
2024-05-20 13:01:03,219 [Worker-17: Launching SpringJDBCExample (1)] INFO  o.eclipse.m2e.core.internal.Bundles - 	Entry: C:\Users\omkar\.p2\pool\plugins\org.eclipse.m2e.maven.runtime_3.9.600.20231203-1234\jars\maven-repository-metadata-3.9.6.jar
2024-05-20 13:01:03,219 [Worker-17: Launching SpringJDBCExample (1)] INFO  o.eclipse.m2e.core.internal.Bundles - 	Entry: C:\Users\omkar\.p2\pool\plugins\org.eclipse.m2e.maven.runtime_3.9.600.20231203-1234\jars\maven-resolver-api-1.9.18.jar
2024-05-20 13:01:03,220 [Worker-17: Launching SpringJDBCExample (1)] INFO  o.eclipse.m2e.core.internal.Bundles - 	Entry: C:\Users\omkar\.p2\pool\plugins\org.eclipse.m2e.maven.runtime_3.9.600.20231203-1234\jars\maven-resolver-connector-basic-1.9.18.jar
2024-05-20 13:01:03,220 [Worker-17: Launching SpringJDBCExample (1)] INFO  o.eclipse.m2e.core.internal.Bundles - 	Entry: C:\Users\omkar\.p2\pool\plugins\org.eclipse.m2e.maven.runtime_3.9.600.20231203-1234\jars\maven-resolver-impl-1.9.18.jar
2024-05-20 13:01:03,220 [Worker-17: Launching SpringJDBCExample (1)] INFO  o.eclipse.m2e.core.internal.Bundles - 	Entry: C:\Users\omkar\.p2\pool\plugins\org.eclipse.m2e.maven.runtime_3.9.600.20231203-1234\jars\maven-resolver-named-locks-1.9.18.jar
2024-05-20 13:01:03,220 [Worker-17: Launching SpringJDBCExample (1)] INFO  o.eclipse.m2e.core.internal.Bundles - 	Entry: C:\Users\omkar\.p2\pool\plugins\org.eclipse.m2e.maven.runtime_3.9.600.20231203-1234\jars\maven-resolver-provider-3.9.6.jar
2024-05-20 13:01:03,221 [Worker-17: Launching SpringJDBCExample (1)] INFO  o.eclipse.m2e.core.internal.Bundles - 	Entry: C:\Users\omkar\.p2\pool\plugins\org.eclipse.m2e.maven.runtime_3.9.600.20231203-1234\jars\maven-resolver-spi-1.9.18.jar
2024-05-20 13:01:03,221 [Worker-17: Launching SpringJDBCExample (1)] INFO  o.eclipse.m2e.core.internal.Bundles - 	Entry: C:\Users\omkar\.p2\pool\plugins\org.eclipse.m2e.maven.runtime_3.9.600.20231203-1234\jars\maven-resolver-transport-file-1.9.18.jar
2024-05-20 13:01:03,221 [Worker-17: Launching SpringJDBCExample (1)] INFO  o.eclipse.m2e.core.internal.Bundles - 	Entry: C:\Users\omkar\.p2\pool\plugins\org.eclipse.m2e.maven.runtime_3.9.600.20231203-1234\jars\maven-resolver-transport-http-1.9.18.jar
2024-05-20 13:01:03,221 [Worker-17: Launching SpringJDBCExample (1)] INFO  o.eclipse.m2e.core.internal.Bundles - 	Entry: C:\Users\omkar\.p2\pool\plugins\org.eclipse.m2e.maven.runtime_3.9.600.20231203-1234\jars\maven-resolver-transport-wagon-1.9.18.jar
2024-05-20 13:01:03,222 [Worker-17: Launching SpringJDBCExample (1)] INFO  o.eclipse.m2e.core.internal.Bundles - 	Entry: C:\Users\omkar\.p2\pool\plugins\org.eclipse.m2e.maven.runtime_3.9.600.20231203-1234\jars\maven-resolver-util-1.9.18.jar
2024-05-20 13:01:03,222 [Worker-17: Launching SpringJDBCExample (1)] INFO  o.eclipse.m2e.core.internal.Bundles - 	Entry: C:\Users\omkar\.p2\pool\plugins\org.eclipse.m2e.maven.runtime_3.9.600.20231203-1234\jars\maven-settings-3.9.6.jar
2024-05-20 13:01:03,222 [Worker-17: Launching SpringJDBCExample (1)] INFO  o.eclipse.m2e.core.internal.Bundles - 	Entry: C:\Users\omkar\.p2\pool\plugins\org.eclipse.m2e.maven.runtime_3.9.600.20231203-1234\jars\maven-settings-builder-3.9.6.jar
2024-05-20 13:01:03,222 [Worker-17: Launching SpringJDBCExample (1)] INFO  o.eclipse.m2e.core.internal.Bundles - 	Entry: C:\Users\omkar\.p2\pool\plugins\org.eclipse.m2e.maven.runtime_3.9.600.20231203-1234\jars\maven-shared-utils-3.3.4.jar
2024-05-20 13:01:03,222 [Worker-17: Launching SpringJDBCExample (1)] INFO  o.eclipse.m2e.core.internal.Bundles - 	Entry: C:\Users\omkar\.p2\pool\plugins\org.eclipse.m2e.maven.runtime_3.9.600.20231203-1234\jars\org.eclipse.sisu.inject-0.9.0.M2.jar
2024-05-20 13:01:03,222 [Worker-17: Launching SpringJDBCExample (1)] INFO  o.eclipse.m2e.core.internal.Bundles - 	Entry: C:\Users\omkar\.p2\pool\plugins\org.eclipse.m2e.maven.runtime_3.9.600.20231203-1234\jars\org.eclipse.sisu.plexus-0.9.0.M2.jar
2024-05-20 13:01:03,222 [Worker-17: Launching SpringJDBCExample (1)] INFO  o.eclipse.m2e.core.internal.Bundles - 	Entry: C:\Users\omkar\.p2\pool\plugins\org.eclipse.m2e.maven.runtime_3.9.600.20231203-1234\jars\plexus-build-api-0.0.7.jar
2024-05-20 13:01:03,223 [Worker-17: Launching SpringJDBCExample (1)] INFO  o.eclipse.m2e.core.internal.Bundles - 	Entry: C:\Users\omkar\.p2\pool\plugins\org.eclipse.m2e.maven.runtime_3.9.600.20231203-1234\jars\plexus-cipher-2.0.jar
2024-05-20 13:01:03,223 [Worker-17: Launching SpringJDBCExample (1)] INFO  o.eclipse.m2e.core.internal.Bundles - 	Entry: C:\Users\omkar\.p2\pool\plugins\org.eclipse.m2e.maven.runtime_3.9.600.20231203-1234\jars\plexus-classworlds-2.7.0.jar
2024-05-20 13:01:03,223 [Worker-17: Launching SpringJDBCExample (1)] INFO  o.eclipse.m2e.core.internal.Bundles - 	Entry: C:\Users\omkar\.p2\pool\plugins\org.eclipse.m2e.maven.runtime_3.9.600.20231203-1234\jars\plexus-component-annotations-2.1.0.jar
2024-05-20 13:01:03,223 [Worker-17: Launching SpringJDBCExample (1)] INFO  o.eclipse.m2e.core.internal.Bundles - 	Entry: C:\Users\omkar\.p2\pool\plugins\org.eclipse.m2e.maven.runtime_3.9.600.20231203-1234\jars\plexus-interpolation-1.26.jar
2024-05-20 13:01:03,224 [Worker-17: Launching SpringJDBCExample (1)] INFO  o.eclipse.m2e.core.internal.Bundles - 	Entry: C:\Users\omkar\.p2\pool\plugins\org.eclipse.m2e.maven.runtime_3.9.600.20231203-1234\jars\plexus-sec-dispatcher-2.0.jar
2024-05-20 13:01:03,224 [Worker-17: Launching SpringJDBCExample (1)] INFO  o.eclipse.m2e.core.internal.Bundles - 	Entry: C:\Users\omkar\.p2\pool\plugins\org.eclipse.m2e.maven.runtime_3.9.600.20231203-1234\jars\plexus-utils-3.5.1.jar
2024-05-20 13:01:03,224 [Worker-17: Launching SpringJDBCExample (1)] INFO  o.eclipse.m2e.core.internal.Bundles - 	Entry: C:\Users\omkar\.p2\pool\plugins\org.eclipse.m2e.maven.runtime_3.9.600.20231203-1234\jars\wagon-file-3.5.3.jar
2024-05-20 13:01:03,224 [Worker-17: Launching SpringJDBCExample (1)] INFO  o.eclipse.m2e.core.internal.Bundles - 	Entry: C:\Users\omkar\.p2\pool\plugins\org.eclipse.m2e.maven.runtime_3.9.600.20231203-1234\jars\wagon-http-3.5.3.jar
2024-05-20 13:01:03,225 [Worker-17: Launching SpringJDBCExample (1)] INFO  o.eclipse.m2e.core.internal.Bundles - 	Entry: C:\Users\omkar\.p2\pool\plugins\org.eclipse.m2e.maven.runtime_3.9.600.20231203-1234\jars\wagon-http-shared-3.5.3.jar
2024-05-20 13:01:03,225 [Worker-17: Launching SpringJDBCExample (1)] INFO  o.eclipse.m2e.core.internal.Bundles - 	Entry: C:\Users\omkar\.p2\pool\plugins\org.eclipse.m2e.maven.runtime_3.9.600.20231203-1234\jars\wagon-provider-api-3.5.3.jar
2024-05-20 13:01:03,225 [Worker-17: Launching SpringJDBCExample (1)] INFO  o.eclipse.m2e.core.internal.Bundles - getClasspathEntries(Bundle=com.google.guava_33.0.0.jre [14])
2024-05-20 13:01:03,226 [Worker-17: Launching SpringJDBCExample (1)] INFO  o.eclipse.m2e.core.internal.Bundles - 	Entry: C:\Users\omkar\.p2\pool\plugins\com.google.guava_33.0.0.jre.jar
2024-05-20 13:01:03,226 [Worker-17: Launching SpringJDBCExample (1)] INFO  o.eclipse.m2e.core.internal.Bundles - getClasspathEntries(Bundle=slf4j.api_2.0.13 [998])
2024-05-20 13:01:03,226 [Worker-17: Launching SpringJDBCExample (1)] INFO  o.eclipse.m2e.core.internal.Bundles - 	Entry: C:\Users\omkar\.p2\pool\plugins\slf4j.api_2.0.13.jar
2024-05-20 13:01:03,226 [Worker-17: Launching SpringJDBCExample (1)] INFO  o.eclipse.m2e.core.internal.Bundles - getClasspathEntries(Bundle=jakarta.inject.jakarta.inject-api_1.0.5 [32])
2024-05-20 13:01:03,227 [Worker-17: Launching SpringJDBCExample (1)] INFO  o.eclipse.m2e.core.internal.Bundles - 	Entry: C:\Users\omkar\.p2\pool\plugins\jakarta.inject.jakarta.inject-api_1.0.5.jar
2024-05-20 13:01:03,227 [Worker-17: Launching SpringJDBCExample (1)] INFO  o.eclipse.m2e.core.internal.Bundles - getClasspathEntries(Bundle=jakarta.annotation-api_1.3.5 [27])
2024-05-20 13:01:03,227 [Worker-17: Launching SpringJDBCExample (1)] INFO  o.eclipse.m2e.core.internal.Bundles - 	Entry: C:\Users\omkar\.p2\pool\plugins\jakarta.annotation-api_1.3.5.jar
2024-05-20 13:01:03,227 [Worker-17: Launching SpringJDBCExample (1)] INFO  o.eclipse.m2e.core.internal.Bundles - getClasspathEntries(Bundle=org.apache.commons.cli_1.6.0 [75])
2024-05-20 13:01:03,228 [Worker-17: Launching SpringJDBCExample (1)] INFO  o.eclipse.m2e.core.internal.Bundles - 	Entry: C:\Users\omkar\.p2\pool\plugins\org.apache.commons.cli_1.6.0.jar
2024-05-20 13:01:03,228 [Worker-17: Launching SpringJDBCExample (1)] INFO  o.eclipse.m2e.core.internal.Bundles - getClasspathEntries(Bundle=org.apache.commons.commons-codec_1.16.0 [78])
2024-05-20 13:01:03,228 [Worker-17: Launching SpringJDBCExample (1)] INFO  o.eclipse.m2e.core.internal.Bundles - 	Entry: C:\Users\omkar\.p2\pool\plugins\org.apache.commons.commons-codec_1.16.0.jar
2024-05-20 13:01:03,229 [Worker-17: Launching SpringJDBCExample (1)] INFO  o.eclipse.m2e.core.internal.Bundles - getClasspathEntries(Bundle=org.apache.commons.lang3_3.14.0 [86])
2024-05-20 13:01:03,229 [Worker-17: Launching SpringJDBCExample (1)] INFO  o.eclipse.m2e.core.internal.Bundles - 	Entry: C:\Users\omkar\.p2\pool\plugins\org.apache.commons.lang3_3.14.0.jar
2024-05-20 13:01:03,229 [Worker-17: Launching SpringJDBCExample (1)] INFO  o.eclipse.m2e.core.internal.Bundles - getClasspathEntries(Bundle=com.google.guava.failureaccess_1.0.2 [15])
2024-05-20 13:01:03,230 [Worker-17: Launching SpringJDBCExample (1)] INFO  o.eclipse.m2e.core.internal.Bundles - 	Entry: C:\Users\omkar\.p2\pool\plugins\com.google.guava.failureaccess_1.0.2.jar
2024-05-20 13:01:03,232 [Worker-17: Launching SpringJDBCExample (1)] INFO  o.e.m.i.launch.MavenLaunchDelegate - Run build in "E:\Cogent Training\Week_1\SpringJDBCExample":
2024-05-20 13:01:03,233 [Worker-17: Launching SpringJDBCExample (1)] INFO  o.e.m.i.launch.MavenLaunchDelegate -  mvn  -B -Dstyle.color=always 
2024-05-20 13:01:28,885 [Worker-12: Updating Maven Project] INFO  o.e.m.c.i.p.ProjectConfigurationManager - Update started
2024-05-20 13:01:29,157 [Worker-12: Updating Maven Project] INFO  o.e.m.c.i.l.LifecycleMappingFactory - Using org.eclipse.m2e.jdt.JarLifecycleMapping lifecycle mapping for MavenProject: com.demo:SpringJDBCExample:1.0-SNAPSHOT @ E:\Cogent Training\Week_1\SpringJDBCExample\pom.xml.
2024-05-20 13:01:29,418 [Worker-12: Updating Maven Project] INFO  o.e.m.j.i.AbstractJavaProjectConfigurator - Adding source folder /SpringJDBCExample/src/main/java
2024-05-20 13:01:29,420 [Worker-12: Updating Maven Project] INFO  o.e.m.j.i.AbstractJavaProjectConfigurator - Adding resource folder /SpringJDBCExample/src/main/resources
2024-05-20 13:01:29,420 [Worker-12: Updating Maven Project] INFO  o.e.m.j.i.AbstractJavaProjectConfigurator - Adding source folder /SpringJDBCExample/src/test/java
2024-05-20 13:01:29,422 [Worker-12: Updating Maven Project] INFO  o.e.m.j.i.AbstractJavaProjectConfigurator - Adding resource folder /SpringJDBCExample/src/test/resources
2024-05-20 13:01:29,721 [Worker-12: Updating Maven Project] INFO  o.e.m.c.i.p.ProjectConfigurationManager - Update completed for 1 poms: local refresh takes 0.00 sec, refresh facades takes 0.00 sec, update config takes 0.00 sec 
2024-05-20 13:01:29,990 [Worker-9: Building] INFO  o.a.m.s.f.DefaultMavenResourcesFiltering - Copying 1 resource from src\main\resources to target\classes
2024-05-20 13:01:30,032 [Worker-9: Building] INFO  o.a.m.s.f.DefaultMavenResourcesFiltering - skip non existing resourceDirectory E:\Cogent Training\Week_1\SpringJDBCExample\src\test\resources
2024-05-20 13:08:05,867 [Worker-39: Building] INFO  o.e.m.c.i.l.LifecycleMappingFactory - Using org.eclipse.m2e.jdt.JarLifecycleMapping lifecycle mapping for MavenProject: com.demo:SpringJDBCExample:1.0-SNAPSHOT @ E:\Cogent Training\Week_1\SpringJDBCExample\pom.xml.
2024-05-20 13:08:06,478 [Worker-39: Building] INFO  o.a.m.s.f.DefaultMavenResourcesFiltering - Copying 1 resource from src\main\resources to target\classes
2024-05-20 13:08:06,496 [Worker-39: Building] INFO  o.a.m.s.f.DefaultMavenResourcesFiltering - skip non existing resourceDirectory E:\Cogent Training\Week_1\SpringJDBCExample\src\test\resources
